<?xml version="1.0" encoding="utf-8"?><testsuites name="pytest tests"><testsuite name="pytest" errors="0" failures="0" skipped="1" tests="20" time="4.374" timestamp="2026-04-13T09:29:10.066791+00:00" hostname="agent-env-7913714a-3a55-48c2-a70b-4ed36f732c6d"><testcase classname="tests.test_elitehub_api.TestHealthAndBasicAPI" name="test_health_endpoint" time="0.168" /><testcase classname="tests.test_elitehub_api.TestHealthAndBasicAPI" name="test_root_endpoint" time="0.103" /><testcase classname="tests.test_elitehub_api.TestAccountsSeeding" name="test_accounts_count" time="0.100" /><testcase classname="tests.test_elitehub_api.TestAccountsSeeding" name="test_fncrib_title_format" time="0.104" /><testcase classname="tests.test_elitehub_api.TestAccountsSeeding" name="test_specific_title_formats" time="0.105" /><testcase classname="tests.test_elitehub_api.TestAccountsSeeding" name="test_fortnite_api_images" time="0.101" /><testcase classname="tests.test_elitehub_api.TestPriceDistribution" name="test_price_distribution_40_40_20" time="0.110" /><testcase classname="tests.test_elitehub_api.TestPriceDistribution" name="test_all_prices_under_20" time="0.108" /><testcase classname="tests.test_elitehub_api.TestSingleAccountEndpoint" name="test_get_single_account" time="0.107" /><testcase classname="tests.test_elitehub_api.TestSingleAccountEndpoint" name="test_account_has_credentials" time="0.099" /><testcase classname="tests.test_elitehub_api.TestAuthentication" name="test_register_new_user" time="0.113" /><testcase classname="tests.test_elitehub_api.TestAuthentication" name="test_login_existing_user" time="0.349" /><testcase classname="tests.test_elitehub_api.TestAuthentication" name="test_login_invalid_credentials" time="0.102" /><testcase classname="tests.test_elitehub_api.TestPayPalConfiguration" name="test_payment_config_endpoint" time="0.114" /><testcase classname="tests.test_elitehub_api.TestCartOperations" name="test_get_cart" time="0.436" /><testcase classname="tests.test_elitehub_api.TestCartOperations" name="test_add_to_cart" time="0.651" /><testcase classname="tests.test_elitehub_api.TestCartOperations" name="test_clear_cart" time="0.436" /><testcase classname="tests.test_elitehub_api.TestOrderCreation" name="test_get_orders" time="0.755"><skipped type="pytest.skip" message="Could not authenticate">/app/backend/tests/test_elitehub_api.py:340: Could not authenticate</skipped></testcase><testcase classname="tests.test_elitehub_api.TestAccountDataIntegrity" name="test_all_accounts_have_required_fields" time="0.104" /><testcase classname="tests.test_elitehub_api.TestAccountDataIntegrity" name="test_platforms_are_valid" time="0.109" /></testsuite></testsuites>